0 info it worked if it ends with ok
1 verbose cli [ 'C:\\Program Files\\nodejs\\node.exe',
1 verbose cli   'C:\\Users\\jyoti.jain\\AppData\\Roaming\\npm\\node_modules\\npm\\bin\\npm-cli.js',
1 verbose cli   'start' ]
2 info using npm@4.0.3
3 info using node@v6.9.2
4 verbose run-script [ 'prestart', 'start', 'poststart' ]
5 info lifecycle angular2-dashboard@0.0.0~prestart: angular2-dashboard@0.0.0
6 silly lifecycle angular2-dashboard@0.0.0~prestart: no script for prestart, continuing
7 info lifecycle angular2-dashboard@0.0.0~start: angular2-dashboard@0.0.0
8 verbose lifecycle angular2-dashboard@0.0.0~start: unsafe-perm in lifecycle true
9 verbose lifecycle angular2-dashboard@0.0.0~start: PATH: C:\Users\jyoti.jain\AppData\Roaming\npm\node_modules\npm\bin\node-gyp-bin;C:\home\netstorm\work\webapps\netstorm\productUI\gui\node_modules\.bin;C:\Program Files (x86)\HP\NV\lib\shunra\vcat;C:\ProgramData\Oracle\Java\javapath;C:\Windows\system32;C:\Windows;C:\Windows\System32\Wbem;C:\Windows\System32\WindowsPowerShell\v1.0\;C:\Program Files (x86)\HP\LoadRunner\strawberry-perl\perl\bin;C:\Program Files (x86)\HP\NV\lib\thirdparty\safenet\LDK\7.0;C:\Program Files (x86)\HP\NV\lib\shunra\snv;C:\Program Files\nodejs\;C:\Program Files\Microsoft\Web Platform Installer\;C:\Program Files (x86)\Microsoft ASP.NET\ASP.NET Web Pages\v1.0\;C:\Program Files (x86)\Windows Kits\8.0\Windows Performance Toolkit\;C:\Program Files\Microsoft SQL Server\110\Tools\Binn\;C:\Program Files (x86)\Skype\Phone\;C:\Program Files\Git\cmd;C:\Program Files (x86)\CVSNT\;C:\Users\jyoti.jain\AppData\Roaming\npm;C:\Program Files (x86)\Microsoft VS Code\bin;C:\Windows\Microsoft.NET\Framework\v4.0.30319\;C:\Windows\Microsoft.NET\Framework64\v4.0.30319
10 verbose lifecycle angular2-dashboard@0.0.0~start: CWD: C:\home\netstorm\work\webapps\netstorm\productUI\gui
11 silly lifecycle angular2-dashboard@0.0.0~start: Args: [ '/d /s /c',
11 silly lifecycle   ' node --max_old_space_size=9000 --initial_old_space_size=600 node_modules/@angular/cli/bin/ng serve --named-chunks --base-href=/ProductUI/' ]
12 silly lifecycle angular2-dashboard@0.0.0~start: Returned: code: 3221225786  signal: null
13 info lifecycle angular2-dashboard@0.0.0~start: Failed to exec start script
14 verbose stack Error: angular2-dashboard@0.0.0 start: ` node --max_old_space_size=9000 --initial_old_space_size=600 node_modules/@angular/cli/bin/ng serve --named-chunks --base-href=/ProductUI/`
14 verbose stack Exit status 3221225786
14 verbose stack     at EventEmitter.<anonymous> (C:\Users\jyoti.jain\AppData\Roaming\npm\node_modules\npm\lib\utils\lifecycle.js:279:16)
14 verbose stack     at emitTwo (events.js:106:13)
14 verbose stack     at EventEmitter.emit (events.js:191:7)
14 verbose stack     at ChildProcess.<anonymous> (C:\Users\jyoti.jain\AppData\Roaming\npm\node_modules\npm\lib\utils\spawn.js:40:14)
14 verbose stack     at emitTwo (events.js:106:13)
14 verbose stack     at ChildProcess.emit (events.js:191:7)
14 verbose stack     at maybeClose (internal/child_process.js:877:16)
14 verbose stack     at Process.ChildProcess._handle.onexit (internal/child_process.js:226:5)
15 verbose pkgid angular2-dashboard@0.0.0
16 verbose cwd C:\home\netstorm\work\webapps\netstorm\productUI\gui\src\app\modules\monitor
17 error Windows_NT 10.0.10586
18 error argv "C:\\Program Files\\nodejs\\node.exe" "C:\\Users\\jyoti.jain\\AppData\\Roaming\\npm\\node_modules\\npm\\bin\\npm-cli.js" "start"
19 error node v6.9.2
20 error npm  v4.0.3
21 error code ELIFECYCLE
22 error angular2-dashboard@0.0.0 start: ` node --max_old_space_size=9000 --initial_old_space_size=600 node_modules/@angular/cli/bin/ng serve --named-chunks --base-href=/ProductUI/`
22 error Exit status 3221225786
23 error Failed at the angular2-dashboard@0.0.0 start script ' node --max_old_space_size=9000 --initial_old_space_size=600 node_modules/@angular/cli/bin/ng serve --named-chunks --base-href=/ProductUI/'.
23 error Make sure you have the latest version of node.js and npm installed.
23 error If you do, this is most likely a problem with the angular2-dashboard package,
23 error not with npm itself.
23 error Tell the author that this fails on your system:
23 error      node --max_old_space_size=9000 --initial_old_space_size=600 node_modules/@angular/cli/bin/ng serve --named-chunks --base-href=/ProductUI/
23 error You can get information on how to open an issue for this project with:
23 error     npm bugs angular2-dashboard
23 error Or if that isn't available, you can get their info via:
23 error     npm owner ls angular2-dashboard
23 error There is likely additional logging output above.
24 verbose exit [ 1, true ]
